<?xml version="1.0" encoding="UTF-8"?>
<!-- Generated by org.testng.reporters.JUnitReportReporter -->
<testsuite hostname="admin-PC" failures="0" tests="1" name="tests.LoginTest" time="40.183" errors="0" timestamp="16 Jan 2021 23:45:29 GMT" skipped="0">
  <testcase classname="tests.LoginTest" name="loginWithWithoutPasswordTest" time="40.183"/>
</testsuite> <!-- tests.LoginTest -->
